Fri Nov 24 16:43:00 PST 2017
Fri Nov 24 18:00:00 PST 2017
Fri Nov 24 18:01:01 PST 2017
Fri Nov 24 18:02:00 PST 2017
Fri Nov 24 18:03:00 PST 2017
Fri Nov 24 18:04:00 PST 2017
Fri Nov 24 18:05:00 PST 2017
Fri Nov 24 18:06:00 PST 2017
Fri Nov 24 18:07:00 PST 2017
Fri Nov 24 18:08:00 PST 2017
Fri Nov 24 18:09:01 PST 2017
Fri Nov 24 18:10:00 PST 2017
Fri Nov 24 18:11:00 PST 2017
Fri Nov 24 18:12:00 PST 2017
Fri Nov 24 18:13:00 PST 2017
Fri Nov 24 18:14:00 PST 2017
Fri Nov 24 18:15:00 PST 2017
Fri Nov 24 18:16:00 PST 2017
Fri Nov 24 18:17:00 PST 2017
Fri Nov 24 18:18:00 PST 2017
Fri Nov 24 18:19:01 PST 2017
Fri Nov 24 18:20:00 PST 2017
Fri Nov 24 18:21:00 PST 2017
Fri Nov 24 18:22:00 PST 2017
Fri Nov 24 18:23:00 PST 2017
Fri Nov 24 18:24:00 PST 2017
Fri Nov 24 18:25:00 PST 2017
Fri Nov 24 18:26:00 PST 2017
Fri Nov 24 18:27:00 PST 2017
Fri Nov 24 18:28:01 PST 2017
Fri Nov 24 18:29:00 PST 2017
Fri Nov 24 18:30:00 PST 2017
Fri Nov 24 18:31:00 PST 2017
Fri Nov 24 18:32:00 PST 2017
Fri Nov 24 18:33:00 PST 2017
Fri Nov 24 18:34:00 PST 2017
Fri Nov 24 18:35:00 PST 2017
Fri Nov 24 18:36:01 PST 2017
Fri Nov 24 18:37:00 PST 2017
Fri Nov 24 18:38:00 PST 2017
Fri Nov 24 18:39:00 PST 2017
Fri Nov 24 18:40:00 PST 2017
Fri Nov 24 18:41:00 PST 2017
Fri Nov 24 18:42:00 PST 2017
Fri Nov 24 18:43:00 PST 2017
Fri Nov 24 18:44:00 PST 2017
Fri Nov 24 18:45:01 PST 2017
Fri Nov 24 18:46:00 PST 2017
Fri Nov 24 18:47:00 PST 2017
Fri Nov 24 18:48:00 PST 2017
Fri Nov 24 18:49:00 PST 2017
Fri Nov 24 18:50:00 PST 2017
Fri Nov 24 18:51:00 PST 2017
Fri Nov 24 18:52:00 PST 2017
Fri Nov 24 18:53:00 PST 2017
Fri Nov 24 19:01:29 PST 2017
Sat Nov 25 06:34:00 PST 2017
Sat Nov 25 15:00:01 PST 2017
Sat Nov 25 15:01:00 PST 2017
Sat Nov 25 15:02:00 PST 2017
Sat Nov 25 15:03:00 PST 2017
Sat Nov 25 15:04:00 PST 2017
Sat Nov 25 15:05:00 PST 2017
Sat Nov 25 15:06:00 PST 2017
Sat Nov 25 15:07:00 PST 2017
Sat Nov 25 15:08:00 PST 2017
Sat Nov 25 15:09:00 PST 2017
Sat Nov 25 15:10:00 PST 2017
Sat Nov 25 15:11:00 PST 2017
Sat Nov 25 15:12:00 PST 2017
Sat Nov 25 15:13:00 PST 2017
Sat Nov 25 15:14:00 PST 2017
Sat Nov 25 15:15:01 PST 2017
Sat Nov 25 15:16:00 PST 2017
Sat Nov 25 15:17:00 PST 2017
Sat Nov 25 15:18:00 PST 2017
Sat Nov 25 15:19:00 PST 2017
Sat Nov 25 15:20:00 PST 2017
Sat Nov 25 15:21:00 PST 2017
Sat Nov 25 15:22:00 PST 2017
Sat Nov 25 15:23:00 PST 2017
Sat Nov 25 15:24:00 PST 2017
Sat Nov 25 15:25:00 PST 2017
Sat Nov 25 15:26:00 PST 2017
Sat Nov 25 15:27:00 PST 2017
Sat Nov 25 15:28:00 PST 2017
Sat Nov 25 15:29:00 PST 2017
Sat Nov 25 15:30:00 PST 2017
Sat Nov 25 15:31:00 PST 2017
Sat Nov 25 15:32:00 PST 2017
Sat Nov 25 15:33:00 PST 2017
Sat Nov 25 15:34:00 PST 2017
Sat Nov 25 15:35:00 PST 2017
Sat Nov 25 15:36:00 PST 2017
Sat Nov 25 15:37:00 PST 2017
Sat Nov 25 15:38:00 PST 2017
Sat Nov 25 15:39:00 PST 2017
Sat Nov 25 15:40:00 PST 2017
Sat Nov 25 15:41:01 PST 2017
Sat Nov 25 15:42:00 PST 2017
Sat Nov 25 15:43:00 PST 2017
Sat Nov 25 15:44:00 PST 2017
Sat Nov 25 15:45:00 PST 2017
Sat Nov 25 15:46:00 PST 2017
Sat Nov 25 15:47:00 PST 2017
Sat Nov 25 15:48:00 PST 2017
Sat Nov 25 15:49:00 PST 2017
Sat Nov 25 15:50:00 PST 2017
Sat Nov 25 15:51:00 PST 2017
Sat Nov 25 15:52:01 PST 2017
Sat Nov 25 15:53:00 PST 2017
Sat Nov 25 15:54:00 PST 2017
Sat Nov 25 15:55:00 PST 2017
Sat Nov 25 15:56:00 PST 2017
Sat Nov 25 15:57:00 PST 2017
Sat Nov 25 15:58:00 PST 2017
Sat Nov 25 15:59:00 PST 2017
Sat Nov 25 21:00:00 PST 2017
Sat Nov 25 21:01:00 PST 2017
Sat Nov 25 21:02:01 PST 2017
Sat Nov 25 21:03:00 PST 2017
Sat Nov 25 21:04:00 PST 2017
Sat Nov 25 21:05:00 PST 2017
Sat Nov 25 21:06:00 PST 2017
Sat Nov 25 21:07:00 PST 2017
Sat Nov 25 21:08:00 PST 2017
Sat Nov 25 21:09:00 PST 2017
Sat Nov 25 21:10:00 PST 2017
Sat Nov 25 21:11:01 PST 2017
Sat Nov 25 21:12:00 PST 2017
Sat Nov 25 21:13:00 PST 2017
Sat Nov 25 21:14:00 PST 2017
Sat Nov 25 21:15:00 PST 2017
Sat Nov 25 21:16:00 PST 2017
Sat Nov 25 21:17:00 PST 2017
Sat Nov 25 21:18:00 PST 2017
Sat Nov 25 21:19:00 PST 2017
Sat Nov 25 21:20:00 PST 2017
Sat Nov 25 21:21:00 PST 2017
Sat Nov 25 21:22:00 PST 2017
Sat Nov 25 21:23:01 PST 2017
Sat Nov 25 21:24:00 PST 2017
Sat Nov 25 21:25:00 PST 2017
Sat Nov 25 21:26:00 PST 2017
Sat Nov 25 21:27:00 PST 2017
Sat Nov 25 21:28:00 PST 2017
Sat Nov 25 21:29:00 PST 2017
Sat Nov 25 21:30:00 PST 2017
Sat Nov 25 21:31:00 PST 2017
Sat Nov 25 21:32:00 PST 2017
Sat Nov 25 21:33:00 PST 2017
Sat Nov 25 21:34:00 PST 2017
Sat Nov 25 21:35:01 PST 2017
Sat Nov 25 21:36:00 PST 2017
Sat Nov 25 21:37:00 PST 2017
Sat Nov 25 21:38:00 PST 2017
Sat Nov 25 21:39:00 PST 2017
Sat Nov 25 21:40:00 PST 2017
Sat Nov 25 21:41:00 PST 2017
Sat Nov 25 21:42:01 PST 2017
Sat Nov 25 21:43:00 PST 2017
Sat Nov 25 21:44:01 PST 2017
Sat Nov 25 21:45:00 PST 2017
Sat Nov 25 21:46:00 PST 2017
Sat Nov 25 21:47:00 PST 2017
Sat Nov 25 21:48:00 PST 2017
Sat Nov 25 21:49:00 PST 2017
Sat Nov 25 21:50:00 PST 2017
Sat Nov 25 21:51:00 PST 2017
Sat Nov 25 21:52:00 PST 2017
Sat Nov 25 21:53:00 PST 2017
Sat Nov 25 21:54:00 PST 2017
Sat Nov 25 21:55:01 PST 2017
Sat Nov 25 21:56:00 PST 2017
Sat Nov 25 21:57:00 PST 2017
Sat Nov 25 21:58:00 PST 2017
Sat Nov 25 21:59:00 PST 2017
Sun Nov 26 00:00:01 PST 2017
Sun Nov 26 00:01:00 PST 2017
Sun Nov 26 00:02:00 PST 2017
Sun Nov 26 00:03:00 PST 2017
Sun Nov 26 00:04:00 PST 2017
Sun Nov 26 00:05:00 PST 2017
Sun Nov 26 00:06:00 PST 2017
Sun Nov 26 00:07:01 PST 2017
Sun Nov 26 00:08:00 PST 2017
Sun Nov 26 00:09:00 PST 2017
Sun Nov 26 00:10:00 PST 2017
Sun Nov 26 00:11:00 PST 2017
Sun Nov 26 00:12:00 PST 2017
Sun Nov 26 00:13:00 PST 2017
Sun Nov 26 00:14:00 PST 2017
Sun Nov 26 00:15:01 PST 2017
Sun Nov 26 00:16:00 PST 2017
Sun Nov 26 00:17:00 PST 2017
Sun Nov 26 00:18:01 PST 2017
Sun Nov 26 00:19:00 PST 2017
Sun Nov 26 00:20:00 PST 2017
Sun Nov 26 00:21:00 PST 2017
Sun Nov 26 00:22:00 PST 2017
Sun Nov 26 00:23:00 PST 2017
Sun Nov 26 00:24:00 PST 2017
Sun Nov 26 00:25:01 PST 2017
Sun Nov 26 00:26:00 PST 2017
Sun Nov 26 00:27:00 PST 2017
Sun Nov 26 00:28:00 PST 2017
Sun Nov 26 00:29:00 PST 2017
Sun Nov 26 00:30:00 PST 2017
Sun Nov 26 00:31:00 PST 2017
Sun Nov 26 00:32:00 PST 2017
Sun Nov 26 00:33:01 PST 2017
Sun Nov 26 00:34:00 PST 2017
Sun Nov 26 00:35:00 PST 2017
Sun Nov 26 00:36:00 PST 2017
Sun Nov 26 00:37:00 PST 2017
Sun Nov 26 00:38:00 PST 2017
Sun Nov 26 00:39:00 PST 2017
Sun Nov 26 00:40:00 PST 2017
Sun Nov 26 00:41:01 PST 2017
Sun Nov 26 00:42:00 PST 2017
Sun Nov 26 00:43:00 PST 2017
Sun Nov 26 00:44:00 PST 2017
Sun Nov 26 00:45:00 PST 2017
Sun Nov 26 00:46:00 PST 2017
Sun Nov 26 00:47:00 PST 2017
Sun Nov 26 00:48:00 PST 2017
Sun Nov 26 00:49:01 PST 2017
Sun Nov 26 00:50:00 PST 2017
Sun Nov 26 00:51:00 PST 2017
Sun Nov 26 00:52:00 PST 2017
Sun Nov 26 00:53:00 PST 2017
Sun Nov 26 00:54:00 PST 2017
Sun Nov 26 00:55:00 PST 2017
Sun Nov 26 00:56:01 PST 2017
Sun Nov 26 00:57:00 PST 2017
Sun Nov 26 00:58:00 PST 2017
Sun Nov 26 00:59:00 PST 2017
Sun Nov 26 03:00:00 PST 2017
Sun Nov 26 03:01:01 PST 2017
Sun Nov 26 03:02:00 PST 2017
Sun Nov 26 03:03:00 PST 2017
Sun Nov 26 03:04:00 PST 2017
Sun Nov 26 03:05:00 PST 2017
Sun Nov 26 03:06:00 PST 2017
Sun Nov 26 03:07:00 PST 2017
Sun Nov 26 03:08:00 PST 2017
Sun Nov 26 03:09:01 PST 2017
Sun Nov 26 03:10:00 PST 2017
Sun Nov 26 03:11:00 PST 2017
Sun Nov 26 03:12:00 PST 2017
Sun Nov 26 03:13:00 PST 2017
Sun Nov 26 03:14:00 PST 2017
Sun Nov 26 03:15:00 PST 2017
Sun Nov 26 03:16:00 PST 2017
Sun Nov 26 03:17:01 PST 2017
Sun Nov 26 03:18:00 PST 2017
Sun Nov 26 03:19:00 PST 2017
Sun Nov 26 03:20:00 PST 2017
Sun Nov 26 03:21:00 PST 2017
Sun Nov 26 03:22:00 PST 2017
Sun Nov 26 03:23:00 PST 2017
Sun Nov 26 03:24:01 PST 2017
Sun Nov 26 03:25:00 PST 2017
Sun Nov 26 03:26:00 PST 2017
Sun Nov 26 03:27:00 PST 2017
Sun Nov 26 03:28:00 PST 2017
Sun Nov 26 03:29:00 PST 2017
Sun Nov 26 03:30:00 PST 2017
Sun Nov 26 03:31:00 PST 2017
Sun Nov 26 03:32:01 PST 2017
Sun Nov 26 03:33:00 PST 2017
Sun Nov 26 03:34:00 PST 2017
Sun Nov 26 03:35:00 PST 2017
Sun Nov 26 03:36:00 PST 2017
Sun Nov 26 03:37:00 PST 2017
Sun Nov 26 03:38:00 PST 2017
Sun Nov 26 03:39:01 PST 2017
Sun Nov 26 03:40:00 PST 2017
Sun Nov 26 03:41:00 PST 2017
Sun Nov 26 03:42:00 PST 2017
Sun Nov 26 03:43:00 PST 2017
Sun Nov 26 03:44:00 PST 2017
Sun Nov 26 03:45:00 PST 2017
Sun Nov 26 03:46:01 PST 2017
Sun Nov 26 03:47:00 PST 2017
Sun Nov 26 03:48:00 PST 2017
Sun Nov 26 03:49:00 PST 2017
Sun Nov 26 03:50:00 PST 2017
Sun Nov 26 03:51:00 PST 2017
Sun Nov 26 03:52:00 PST 2017
Sun Nov 26 03:53:00 PST 2017
Sun Nov 26 03:54:00 PST 2017
Sun Nov 26 03:55:01 PST 2017
Sun Nov 26 03:56:00 PST 2017
Sun Nov 26 03:57:00 PST 2017
Sun Nov 26 03:58:00 PST 2017
Sun Nov 26 03:59:00 PST 2017
Sun Nov 26 06:00:00 PST 2017
Sun Nov 26 06:01:01 PST 2017
Sun Nov 26 06:02:00 PST 2017
Sun Nov 26 06:03:00 PST 2017
Sun Nov 26 06:04:00 PST 2017
Sun Nov 26 06:05:00 PST 2017
Sun Nov 26 06:06:00 PST 2017
Sun Nov 26 06:07:00 PST 2017
Sun Nov 26 06:08:01 PST 2017
Sun Nov 26 06:09:00 PST 2017
Sun Nov 26 06:10:00 PST 2017
Sun Nov 26 06:11:00 PST 2017
Sun Nov 26 06:12:00 PST 2017
Sun Nov 26 06:13:00 PST 2017
Sun Nov 26 06:14:00 PST 2017
Sun Nov 26 06:15:00 PST 2017
Sun Nov 26 06:16:00 PST 2017
Sun Nov 26 06:17:01 PST 2017
Sun Nov 26 06:18:00 PST 2017
Sun Nov 26 06:19:00 PST 2017
Sun Nov 26 06:20:00 PST 2017
Sun Nov 26 06:21:00 PST 2017
Sun Nov 26 06:22:00 PST 2017
Sun Nov 26 06:23:00 PST 2017
Sun Nov 26 06:24:00 PST 2017
Sun Nov 26 06:25:01 PST 2017
Sun Nov 26 06:26:00 PST 2017
Sun Nov 26 06:27:00 PST 2017
Sun Nov 26 06:28:00 PST 2017
Sun Nov 26 06:29:00 PST 2017
Sun Nov 26 06:30:00 PST 2017
Sun Nov 26 06:31:00 PST 2017
Sun Nov 26 06:32:01 PST 2017
Sun Nov 26 06:33:00 PST 2017
Sun Nov 26 06:34:00 PST 2017
Sun Nov 26 06:35:00 PST 2017
Sun Nov 26 06:36:00 PST 2017
Sun Nov 26 06:37:00 PST 2017
Sun Nov 26 06:38:00 PST 2017
Sun Nov 26 06:39:00 PST 2017
Sun Nov 26 06:40:01 PST 2017
Sun Nov 26 06:41:00 PST 2017
Sun Nov 26 06:42:00 PST 2017
Sun Nov 26 06:43:00 PST 2017
Sun Nov 26 06:44:00 PST 2017
Sun Nov 26 06:45:00 PST 2017
Sun Nov 26 06:46:00 PST 2017
Sun Nov 26 06:47:00 PST 2017
Sun Nov 26 06:48:01 PST 2017
Sun Nov 26 06:49:00 PST 2017
Sun Nov 26 06:50:00 PST 2017
Sun Nov 26 06:51:00 PST 2017
Sun Nov 26 06:52:00 PST 2017
Sun Nov 26 06:53:00 PST 2017
Sun Nov 26 06:54:00 PST 2017
Sun Nov 26 06:55:00 PST 2017
Sun Nov 26 06:56:01 PST 2017
Sun Nov 26 06:57:00 PST 2017
Sun Nov 26 06:58:00 PST 2017
Sun Nov 26 06:59:00 PST 2017
Sun Nov 26 09:00:01 PST 2017
Sun Nov 26 09:01:00 PST 2017
Sun Nov 26 09:02:00 PST 2017
Sun Nov 26 09:03:00 PST 2017
Sun Nov 26 09:04:00 PST 2017
Sun Nov 26 09:05:00 PST 2017
Sun Nov 26 09:06:00 PST 2017
Sun Nov 26 09:07:00 PST 2017
Sun Nov 26 09:08:01 PST 2017
Sun Nov 26 09:09:00 PST 2017
Sun Nov 26 09:10:00 PST 2017
Sun Nov 26 09:11:00 PST 2017
Sun Nov 26 09:12:00 PST 2017
Sun Nov 26 09:13:00 PST 2017
Sun Nov 26 09:14:00 PST 2017
Sun Nov 26 09:15:00 PST 2017
Sun Nov 26 09:16:01 PST 2017
Sun Nov 26 09:17:00 PST 2017
Sun Nov 26 09:18:00 PST 2017
Sun Nov 26 09:19:00 PST 2017
Sun Nov 26 09:20:00 PST 2017
Sun Nov 26 09:21:00 PST 2017
Sun Nov 26 09:22:00 PST 2017
Sun Nov 26 09:23:01 PST 2017
Sun Nov 26 09:24:00 PST 2017
Sun Nov 26 09:25:00 PST 2017
Sun Nov 26 09:26:00 PST 2017
Sun Nov 26 09:27:00 PST 2017
Sun Nov 26 09:28:00 PST 2017
Sun Nov 26 09:29:00 PST 2017
Sun Nov 26 09:30:00 PST 2017
Sun Nov 26 09:31:01 PST 2017
Sun Nov 26 09:32:00 PST 2017
Sun Nov 26 09:33:00 PST 2017
Sun Nov 26 09:34:00 PST 2017
Sun Nov 26 09:35:00 PST 2017
Sun Nov 26 09:36:00 PST 2017
Sun Nov 26 09:37:00 PST 2017
Sun Nov 26 09:38:00 PST 2017
Sun Nov 26 09:39:01 PST 2017
Sun Nov 26 09:40:00 PST 2017
Sun Nov 26 09:41:00 PST 2017
Sun Nov 26 09:42:00 PST 2017
Sun Nov 26 09:43:00 PST 2017
Sun Nov 26 09:44:00 PST 2017
Sun Nov 26 09:45:00 PST 2017
Sun Nov 26 09:46:01 PST 2017
Sun Nov 26 09:47:00 PST 2017
Sun Nov 26 09:48:00 PST 2017
Sun Nov 26 09:49:00 PST 2017
Sun Nov 26 09:50:00 PST 2017
Sun Nov 26 09:51:00 PST 2017
Sun Nov 26 09:52:00 PST 2017
Sun Nov 26 09:53:00 PST 2017
Sun Nov 26 09:54:01 PST 2017
Sun Nov 26 09:55:00 PST 2017
Sun Nov 26 09:56:00 PST 2017
Sun Nov 26 09:57:00 PST 2017
Sun Nov 26 09:58:00 PST 2017
Sun Nov 26 09:59:00 PST 2017
Sun Nov 26 12:09:00 PST 2017
Sun Nov 26 12:10:00 PST 2017
Sun Nov 26 12:11:00 PST 2017
Sun Nov 26 12:12:00 PST 2017
Sun Nov 26 12:13:00 PST 2017
Sun Nov 26 12:14:00 PST 2017
Sun Nov 26 12:15:00 PST 2017
Sun Nov 26 12:16:00 PST 2017
Sun Nov 26 12:17:00 PST 2017
Sun Nov 26 12:18:00 PST 2017
Sun Nov 26 12:19:01 PST 2017
Sun Nov 26 12:20:00 PST 2017
Sun Nov 26 12:21:00 PST 2017
Sun Nov 26 12:22:00 PST 2017
Sun Nov 26 12:23:00 PST 2017
Sun Nov 26 12:24:00 PST 2017
Sun Nov 26 12:25:00 PST 2017
Sun Nov 26 12:26:00 PST 2017
Sun Nov 26 12:27:02 PST 2017
Sun Nov 26 12:28:00 PST 2017
Sun Nov 26 12:29:00 PST 2017
Sun Nov 26 12:30:00 PST 2017
Sun Nov 26 12:31:01 PST 2017
Sun Nov 26 12:32:00 PST 2017
Sun Nov 26 12:33:00 PST 2017
Sun Nov 26 12:34:00 PST 2017
Sun Nov 26 12:35:00 PST 2017
Sun Nov 26 12:36:00 PST 2017
Sun Nov 26 12:37:00 PST 2017
Sun Nov 26 12:38:00 PST 2017
Sun Nov 26 12:39:00 PST 2017
Sun Nov 26 12:40:00 PST 2017
Sun Nov 26 12:41:00 PST 2017
Sun Nov 26 12:42:00 PST 2017
Sun Nov 26 12:43:00 PST 2017
Sun Nov 26 12:44:00 PST 2017
Sun Nov 26 12:45:00 PST 2017
Sun Nov 26 12:46:01 PST 2017
Sun Nov 26 12:47:00 PST 2017
Sun Nov 26 12:48:00 PST 2017
Sun Nov 26 12:49:00 PST 2017
Sun Nov 26 12:50:00 PST 2017
Sun Nov 26 12:51:00 PST 2017
Sun Nov 26 12:52:00 PST 2017
Sun Nov 26 12:53:00 PST 2017
Sun Nov 26 12:54:00 PST 2017
Sun Nov 26 12:55:00 PST 2017
Sun Nov 26 12:56:00 PST 2017
Sun Nov 26 12:57:00 PST 2017
Sun Nov 26 12:58:01 PST 2017
Sun Nov 26 12:59:00 PST 2017
Sun Nov 26 15:00:00 PST 2017
Sun Nov 26 15:01:00 PST 2017
Sun Nov 26 15:02:00 PST 2017
Sun Nov 26 15:03:00 PST 2017
Sun Nov 26 15:04:00 PST 2017
Sun Nov 26 15:05:00 PST 2017
Sun Nov 26 15:06:00 PST 2017
Sun Nov 26 15:07:00 PST 2017
Sun Nov 26 15:08:00 PST 2017
Sun Nov 26 15:09:00 PST 2017
Sun Nov 26 15:10:00 PST 2017
Sun Nov 26 15:11:00 PST 2017
Sun Nov 26 15:12:00 PST 2017
Sun Nov 26 15:13:00 PST 2017
Sun Nov 26 15:14:00 PST 2017
Sun Nov 26 15:15:00 PST 2017
Sun Nov 26 15:16:00 PST 2017
Sun Nov 26 15:17:00 PST 2017
Sun Nov 26 15:18:00 PST 2017
Sun Nov 26 15:19:00 PST 2017
Sun Nov 26 15:20:00 PST 2017
Sun Nov 26 15:21:00 PST 2017
Sun Nov 26 15:22:00 PST 2017
Sun Nov 26 15:23:00 PST 2017
Sun Nov 26 15:24:00 PST 2017
Sun Nov 26 15:25:01 PST 2017
Sun Nov 26 15:26:00 PST 2017
Sun Nov 26 15:27:00 PST 2017
Sun Nov 26 15:28:00 PST 2017
Sun Nov 26 15:29:00 PST 2017
Sun Nov 26 15:30:00 PST 2017
Sun Nov 26 15:31:00 PST 2017
Sun Nov 26 15:32:00 PST 2017
Sun Nov 26 15:33:01 PST 2017
Sun Nov 26 15:34:00 PST 2017
Sun Nov 26 15:35:00 PST 2017
Sun Nov 26 15:36:00 PST 2017
Sun Nov 26 15:37:00 PST 2017
Sun Nov 26 15:38:00 PST 2017
Sun Nov 26 15:39:00 PST 2017
Sun Nov 26 15:40:00 PST 2017
Sun Nov 26 15:41:01 PST 2017
Sun Nov 26 15:42:00 PST 2017
Sun Nov 26 15:43:00 PST 2017
Sun Nov 26 15:44:00 PST 2017
Sun Nov 26 15:45:00 PST 2017
Sun Nov 26 15:46:00 PST 2017
Sun Nov 26 15:47:00 PST 2017
Sun Nov 26 15:48:00 PST 2017
Sun Nov 26 15:49:00 PST 2017
Sun Nov 26 15:50:00 PST 2017
Sun Nov 26 15:51:01 PST 2017
Sun Nov 26 15:52:00 PST 2017
Sun Nov 26 15:53:00 PST 2017
Sun Nov 26 15:54:00 PST 2017
Sun Nov 26 18:44:00 PST 2017
Sun Nov 26 21:25:01 PST 2017
Mon Nov 27 00:32:00 PST 2017
Mon Nov 27 00:35:11 PST 2017
Mon Nov 27 00:36:57 PST 2017
Mon Nov 27 00:37:00 PST 2017
Mon Nov 27 00:38:00 PST 2017
Mon Nov 27 00:39:01 PST 2017
Mon Nov 27 00:40:00 PST 2017
Mon Nov 27 00:41:00 PST 2017
Mon Nov 27 00:42:00 PST 2017
Mon Nov 27 00:43:00 PST 2017
Mon Nov 27 00:44:00 PST 2017
Mon Nov 27 00:45:00 PST 2017
Mon Nov 27 00:46:00 PST 2017
Mon Nov 27 00:47:00 PST 2017
Mon Nov 27 00:48:00 PST 2017
Mon Nov 27 00:49:01 PST 2017
Mon Nov 27 00:50:00 PST 2017
Mon Nov 27 00:51:00 PST 2017
Mon Nov 27 00:52:00 PST 2017
Mon Nov 27 00:53:00 PST 2017
Mon Nov 27 00:54:00 PST 2017
Mon Nov 27 00:55:01 PST 2017
Mon Nov 27 00:56:00 PST 2017
Mon Nov 27 00:57:00 PST 2017
Mon Nov 27 00:58:00 PST 2017
Mon Nov 27 00:59:01 PST 2017
Mon Nov 27 03:00:00 PST 2017
Mon Nov 27 03:01:00 PST 2017
Mon Nov 27 03:02:00 PST 2017
Mon Nov 27 03:03:00 PST 2017
Mon Nov 27 03:04:01 PST 2017
Mon Nov 27 03:05:00 PST 2017
Mon Nov 27 03:06:00 PST 2017
Mon Nov 27 03:07:00 PST 2017
Mon Nov 27 03:08:00 PST 2017
Mon Nov 27 03:09:00 PST 2017
Mon Nov 27 03:10:00 PST 2017
Mon Nov 27 03:11:01 PST 2017
Mon Nov 27 03:12:00 PST 2017
Mon Nov 27 03:13:00 PST 2017
Mon Nov 27 03:14:00 PST 2017
Mon Nov 27 03:15:00 PST 2017
Mon Nov 27 03:16:00 PST 2017
Mon Nov 27 03:17:00 PST 2017
Mon Nov 27 03:18:00 PST 2017
Mon Nov 27 03:19:01 PST 2017
Mon Nov 27 03:20:00 PST 2017
Mon Nov 27 03:21:00 PST 2017
Mon Nov 27 03:22:00 PST 2017
Mon Nov 27 03:23:00 PST 2017
Mon Nov 27 03:24:00 PST 2017
Mon Nov 27 03:25:00 PST 2017
Mon Nov 27 03:26:01 PST 2017
Mon Nov 27 03:27:00 PST 2017
Mon Nov 27 03:28:00 PST 2017
Mon Nov 27 03:29:00 PST 2017
Mon Nov 27 03:30:00 PST 2017
Mon Nov 27 03:31:00 PST 2017
Mon Nov 27 03:32:00 PST 2017
Mon Nov 27 03:33:00 PST 2017
Mon Nov 27 03:34:01 PST 2017
Mon Nov 27 03:35:00 PST 2017
Mon Nov 27 03:36:00 PST 2017
Mon Nov 27 03:37:00 PST 2017
Mon Nov 27 03:38:00 PST 2017
Mon Nov 27 03:39:00 PST 2017
Mon Nov 27 03:40:00 PST 2017
Mon Nov 27 03:41:00 PST 2017
Mon Nov 27 03:42:01 PST 2017
Mon Nov 27 03:43:00 PST 2017
Mon Nov 27 03:44:00 PST 2017
Mon Nov 27 03:45:00 PST 2017
Mon Nov 27 03:46:00 PST 2017
Mon Nov 27 03:47:00 PST 2017
Mon Nov 27 03:48:00 PST 2017
Mon Nov 27 03:49:01 PST 2017
Mon Nov 27 03:50:00 PST 2017
Mon Nov 27 03:51:00 PST 2017
Mon Nov 27 03:52:00 PST 2017
Mon Nov 27 03:53:00 PST 2017
Mon Nov 27 03:54:00 PST 2017
Mon Nov 27 03:55:00 PST 2017
Mon Nov 27 03:56:00 PST 2017
Mon Nov 27 03:57:01 PST 2017
Mon Nov 27 03:58:00 PST 2017
Mon Nov 27 03:59:00 PST 2017
Mon Nov 27 06:00:01 PST 2017
Mon Nov 27 06:01:00 PST 2017
Mon Nov 27 06:02:00 PST 2017
Mon Nov 27 06:03:00 PST 2017
Mon Nov 27 06:04:00 PST 2017
Mon Nov 27 06:05:00 PST 2017
Mon Nov 27 06:06:00 PST 2017
Mon Nov 27 06:07:00 PST 2017
Mon Nov 27 06:08:01 PST 2017
Mon Nov 27 06:09:00 PST 2017
Mon Nov 27 06:10:00 PST 2017
Mon Nov 27 06:11:00 PST 2017
Mon Nov 27 06:12:00 PST 2017
Mon Nov 27 06:13:00 PST 2017
Mon Nov 27 06:14:00 PST 2017
Mon Nov 27 06:15:01 PST 2017
Mon Nov 27 06:16:00 PST 2017
Mon Nov 27 06:17:00 PST 2017
Mon Nov 27 06:18:00 PST 2017
Mon Nov 27 06:19:00 PST 2017
Mon Nov 27 06:20:00 PST 2017
Mon Nov 27 06:21:00 PST 2017
Mon Nov 27 06:22:00 PST 2017
Mon Nov 27 06:23:01 PST 2017
Mon Nov 27 06:24:00 PST 2017
Mon Nov 27 06:25:00 PST 2017
Mon Nov 27 06:26:00 PST 2017
Mon Nov 27 06:27:00 PST 2017
Mon Nov 27 06:28:00 PST 2017
Mon Nov 27 06:29:00 PST 2017
Mon Nov 27 06:30:01 PST 2017
Mon Nov 27 06:31:00 PST 2017
Mon Nov 27 06:32:00 PST 2017
Mon Nov 27 06:33:00 PST 2017
Mon Nov 27 06:34:00 PST 2017
Mon Nov 27 06:35:00 PST 2017
Mon Nov 27 06:36:01 PST 2017
Mon Nov 27 06:37:00 PST 2017
Mon Nov 27 06:38:00 PST 2017
Mon Nov 27 06:39:00 PST 2017
Mon Nov 27 06:40:00 PST 2017
Mon Nov 27 06:41:00 PST 2017
Mon Nov 27 06:42:00 PST 2017
Mon Nov 27 06:43:00 PST 2017
Mon Nov 27 06:44:00 PST 2017
Mon Nov 27 06:45:01 PST 2017
Mon Nov 27 06:46:00 PST 2017
Mon Nov 27 06:47:00 PST 2017
Mon Nov 27 06:48:00 PST 2017
Mon Nov 27 06:49:00 PST 2017
Mon Nov 27 06:50:00 PST 2017
Mon Nov 27 06:51:00 PST 2017
Mon Nov 27 06:52:00 PST 2017
Mon Nov 27 06:53:01 PST 2017
Mon Nov 27 06:54:00 PST 2017
Mon Nov 27 06:55:00 PST 2017
Mon Nov 27 06:56:00 PST 2017
Mon Nov 27 06:57:00 PST 2017
Mon Nov 27 06:58:00 PST 2017
Mon Nov 27 06:59:00 PST 2017
Mon Nov 27 09:00:01 PST 2017
Mon Nov 27 09:01:00 PST 2017
Mon Nov 27 09:02:00 PST 2017
Mon Nov 27 09:03:00 PST 2017
Mon Nov 27 09:04:00 PST 2017
Mon Nov 27 09:05:00 PST 2017
Mon Nov 27 09:06:00 PST 2017
Mon Nov 27 09:07:00 PST 2017
Mon Nov 27 09:08:01 PST 2017
Mon Nov 27 09:09:00 PST 2017
Mon Nov 27 09:10:00 PST 2017
Mon Nov 27 09:11:00 PST 2017
Mon Nov 27 09:12:00 PST 2017
Mon Nov 27 09:13:00 PST 2017
Mon Nov 27 09:14:00 PST 2017
Mon Nov 27 09:15:00 PST 2017
Mon Nov 27 09:16:01 PST 2017
Mon Nov 27 09:17:00 PST 2017
Mon Nov 27 09:18:00 PST 2017
Mon Nov 27 09:19:00 PST 2017
Mon Nov 27 09:20:00 PST 2017
Mon Nov 27 09:21:00 PST 2017
Mon Nov 27 09:22:00 PST 2017
Mon Nov 27 09:23:01 PST 2017
Mon Nov 27 09:24:00 PST 2017
Mon Nov 27 09:25:00 PST 2017
Mon Nov 27 09:26:00 PST 2017
Mon Nov 27 09:27:00 PST 2017
Mon Nov 27 09:28:00 PST 2017
Mon Nov 27 09:29:01 PST 2017
Mon Nov 27 09:30:00 PST 2017
Mon Nov 27 09:31:00 PST 2017
Mon Nov 27 09:32:00 PST 2017
Mon Nov 27 09:33:00 PST 2017
Mon Nov 27 09:34:00 PST 2017
Mon Nov 27 09:35:00 PST 2017
Mon Nov 27 09:36:01 PST 2017
Mon Nov 27 09:37:00 PST 2017
Mon Nov 27 09:38:00 PST 2017
Mon Nov 27 09:39:00 PST 2017
Mon Nov 27 09:40:00 PST 2017
Mon Nov 27 09:41:00 PST 2017
Mon Nov 27 09:42:00 PST 2017
Mon Nov 27 09:43:00 PST 2017
Mon Nov 27 09:44:00 PST 2017
Mon Nov 27 09:45:01 PST 2017
Mon Nov 27 09:46:00 PST 2017
Mon Nov 27 09:47:00 PST 2017
Mon Nov 27 09:48:00 PST 2017
Mon Nov 27 09:49:00 PST 2017
Mon Nov 27 09:50:00 PST 2017
Mon Nov 27 09:51:00 PST 2017
Mon Nov 27 09:52:00 PST 2017
Mon Nov 27 09:53:00 PST 2017
Mon Nov 27 09:54:00 PST 2017
Mon Nov 27 09:55:01 PST 2017
Mon Nov 27 09:56:00 PST 2017
Mon Nov 27 09:57:00 PST 2017
Mon Nov 27 09:58:00 PST 2017
Mon Nov 27 09:59:00 PST 2017
Mon Nov 27 12:00:00 PST 2017
Mon Nov 27 12:01:00 PST 2017
Mon Nov 27 12:02:00 PST 2017
Mon Nov 27 12:03:00 PST 2017
Mon Nov 27 12:04:01 PST 2017
Mon Nov 27 12:05:00 PST 2017
Mon Nov 27 12:06:00 PST 2017
Mon Nov 27 12:43:25 PST 2017
Mon Nov 27 12:45:22 PST 2017
Mon Nov 27 12:46:00 PST 2017
Mon Nov 27 12:47:00 PST 2017
Mon Nov 27 12:48:00 PST 2017
Mon Nov 27 12:49:00 PST 2017
Mon Nov 27 12:50:00 PST 2017
Mon Nov 27 12:51:01 PST 2017
Mon Nov 27 12:52:00 PST 2017
Mon Nov 27 12:53:00 PST 2017
Mon Nov 27 12:54:00 PST 2017
Mon Nov 27 12:55:00 PST 2017
Mon Nov 27 12:56:00 PST 2017
Mon Nov 27 12:57:00 PST 2017
Mon Nov 27 12:58:00 PST 2017
Mon Nov 27 12:59:00 PST 2017
Tue Nov 28 12:00:00 PST 2017
Tue Nov 28 12:01:00 PST 2017
Tue Nov 28 12:02:00 PST 2017
Tue Nov 28 12:03:00 PST 2017
Tue Nov 28 12:04:01 PST 2017
Tue Nov 28 12:05:00 PST 2017
Tue Nov 28 12:06:00 PST 2017
Tue Nov 28 12:07:00 PST 2017
Tue Nov 28 12:08:00 PST 2017
Tue Nov 28 12:09:00 PST 2017
Tue Nov 28 12:10:00 PST 2017
Tue Nov 28 12:11:01 PST 2017
Tue Nov 28 12:12:00 PST 2017
Tue Nov 28 12:13:00 PST 2017
Tue Nov 28 12:14:00 PST 2017
Tue Nov 28 12:15:00 PST 2017
Tue Nov 28 12:16:00 PST 2017
Tue Nov 28 12:17:00 PST 2017
Tue Nov 28 12:18:01 PST 2017
Tue Nov 28 12:19:00 PST 2017
Tue Nov 28 12:20:00 PST 2017
Tue Nov 28 12:21:00 PST 2017
Tue Nov 28 12:22:09 PST 2017
Tue Nov 28 12:25:25 PST 2017
Tue Nov 28 12:27:39 PST 2017
Tue Nov 28 12:28:00 PST 2017
Tue Nov 28 12:53:00 PST 2017
Tue Nov 28 12:54:00 PST 2017
Tue Nov 28 12:55:00 PST 2017
Tue Nov 28 12:56:00 PST 2017
Tue Nov 28 12:57:00 PST 2017
Tue Nov 28 12:58:00 PST 2017
Tue Nov 28 12:59:00 PST 2017
Tue Nov 28 15:00:00 PST 2017
Tue Nov 28 15:01:00 PST 2017
Tue Nov 28 15:02:00 PST 2017
Tue Nov 28 15:03:00 PST 2017
Tue Nov 28 15:04:00 PST 2017
Tue Nov 28 15:05:00 PST 2017
Tue Nov 28 15:06:00 PST 2017
Tue Nov 28 15:07:01 PST 2017
Tue Nov 28 15:08:00 PST 2017
Tue Nov 28 15:09:00 PST 2017
Tue Nov 28 15:10:00 PST 2017
Tue Nov 28 15:11:00 PST 2017
Tue Nov 28 15:12:00 PST 2017
Tue Nov 28 15:13:00 PST 2017
Tue Nov 28 15:14:00 PST 2017
Tue Nov 28 15:15:01 PST 2017
Tue Nov 28 15:16:00 PST 2017
Tue Nov 28 15:17:00 PST 2017
Tue Nov 28 15:18:00 PST 2017
Tue Nov 28 15:19:00 PST 2017
Tue Nov 28 15:20:00 PST 2017
Tue Nov 28 15:21:01 PST 2017
Tue Nov 28 15:22:00 PST 2017
Tue Nov 28 15:23:00 PST 2017
Tue Nov 28 15:24:00 PST 2017
Tue Nov 28 15:25:00 PST 2017
Tue Nov 28 15:26:00 PST 2017
Tue Nov 28 15:27:01 PST 2017
Tue Nov 28 15:28:00 PST 2017
Tue Nov 28 15:29:00 PST 2017
Tue Nov 28 15:30:00 PST 2017
Tue Nov 28 15:31:00 PST 2017
Tue Nov 28 15:32:00 PST 2017
Tue Nov 28 15:33:01 PST 2017
Tue Nov 28 15:34:00 PST 2017
Tue Nov 28 15:35:00 PST 2017
Tue Nov 28 15:36:00 PST 2017
Tue Nov 28 15:37:00 PST 2017
Tue Nov 28 15:38:00 PST 2017
Tue Nov 28 15:39:00 PST 2017
Tue Nov 28 15:40:01 PST 2017
Tue Nov 28 15:41:00 PST 2017
Tue Nov 28 15:42:00 PST 2017
Tue Nov 28 15:43:00 PST 2017
Tue Nov 28 15:44:00 PST 2017
Tue Nov 28 15:45:00 PST 2017
Tue Nov 28 15:46:00 PST 2017
Tue Nov 28 15:47:01 PST 2017
Tue Nov 28 15:48:00 PST 2017
Tue Nov 28 15:49:00 PST 2017
Tue Nov 28 15:50:00 PST 2017
Tue Nov 28 15:51:00 PST 2017
Tue Nov 28 15:52:00 PST 2017
Tue Nov 28 15:53:01 PST 2017
Tue Nov 28 15:54:00 PST 2017
Tue Nov 28 15:55:00 PST 2017
Tue Nov 28 15:56:00 PST 2017
Tue Nov 28 15:57:00 PST 2017
Tue Nov 28 15:58:00 PST 2017
Tue Nov 28 15:59:01 PST 2017
Tue Nov 28 18:32:00 PST 2017
Tue Nov 28 21:02:00 PST 2017
Tue Nov 28 21:03:00 PST 2017
Tue Nov 28 21:04:00 PST 2017
Tue Nov 28 21:05:00 PST 2017
Tue Nov 28 21:06:00 PST 2017
Tue Nov 28 21:07:00 PST 2017
Tue Nov 28 21:08:01 PST 2017
Tue Nov 28 21:09:00 PST 2017
Tue Nov 28 21:10:00 PST 2017
Tue Nov 28 21:11:00 PST 2017
Tue Nov 28 21:12:00 PST 2017
Tue Nov 28 21:13:00 PST 2017
Tue Nov 28 21:14:00 PST 2017
Tue Nov 28 21:15:00 PST 2017
Tue Nov 28 21:16:00 PST 2017
Tue Nov 28 21:17:00 PST 2017
Tue Nov 28 21:18:00 PST 2017
Tue Nov 28 21:19:00 PST 2017
Tue Nov 28 21:20:01 PST 2017
Tue Nov 28 21:21:00 PST 2017
Tue Nov 28 21:22:00 PST 2017
Tue Nov 28 21:23:00 PST 2017
Tue Nov 28 21:24:00 PST 2017
Tue Nov 28 21:25:00 PST 2017
Tue Nov 28 21:26:00 PST 2017
Tue Nov 28 21:27:00 PST 2017
Tue Nov 28 21:28:00 PST 2017
Tue Nov 28 21:29:00 PST 2017
Tue Nov 28 21:30:00 PST 2017
Tue Nov 28 21:31:00 PST 2017
Tue Nov 28 21:32:00 PST 2017
Tue Nov 28 21:33:00 PST 2017
Tue Nov 28 21:34:00 PST 2017
Tue Nov 28 21:35:00 PST 2017
Tue Nov 28 21:36:00 PST 2017
Tue Nov 28 21:37:00 PST 2017
Tue Nov 28 21:38:00 PST 2017
Tue Nov 28 21:39:00 PST 2017
Tue Nov 28 21:40:00 PST 2017
Tue Nov 28 21:41:00 PST 2017
Tue Nov 28 21:42:00 PST 2017
Tue Nov 28 21:43:00 PST 2017
Tue Nov 28 21:44:02 PST 2017
Tue Nov 28 21:45:00 PST 2017
Tue Nov 28 21:46:00 PST 2017
Tue Nov 28 21:47:00 PST 2017
Tue Nov 28 21:48:00 PST 2017
Tue Nov 28 21:49:00 PST 2017
Tue Nov 28 21:50:00 PST 2017
Tue Nov 28 21:51:00 PST 2017
Tue Nov 28 21:52:00 PST 2017
Tue Nov 28 21:53:00 PST 2017
Tue Nov 28 21:54:00 PST 2017
Tue Nov 28 21:55:01 PST 2017
Tue Nov 28 21:56:00 PST 2017
Tue Nov 28 21:57:00 PST 2017
Tue Nov 28 21:58:00 PST 2017
Tue Nov 28 21:59:00 PST 2017
Wed Nov 29 00:00:00 PST 2017
Wed Nov 29 00:01:01 PST 2017
Wed Nov 29 00:02:00 PST 2017
Wed Nov 29 00:03:00 PST 2017
Wed Nov 29 00:04:00 PST 2017
Wed Nov 29 00:05:00 PST 2017
Wed Nov 29 00:06:00 PST 2017
Wed Nov 29 00:07:00 PST 2017
Wed Nov 29 00:08:00 PST 2017
Wed Nov 29 00:09:00 PST 2017
Wed Nov 29 00:10:00 PST 2017
Wed Nov 29 00:11:00 PST 2017
Wed Nov 29 00:12:00 PST 2017
Wed Nov 29 00:13:01 PST 2017
Wed Nov 29 00:14:00 PST 2017
Wed Nov 29 00:15:00 PST 2017
Wed Nov 29 00:16:00 PST 2017
Wed Nov 29 00:17:00 PST 2017
Wed Nov 29 00:18:00 PST 2017
Wed Nov 29 00:19:00 PST 2017
Wed Nov 29 00:20:00 PST 2017
Wed Nov 29 00:21:00 PST 2017
Wed Nov 29 00:22:00 PST 2017
Wed Nov 29 00:23:01 PST 2017
Wed Nov 29 00:24:00 PST 2017
Wed Nov 29 00:25:00 PST 2017
Wed Nov 29 00:26:00 PST 2017
Wed Nov 29 00:27:00 PST 2017
Wed Nov 29 00:28:00 PST 2017
Wed Nov 29 00:29:00 PST 2017
Wed Nov 29 00:30:00 PST 2017
Wed Nov 29 00:31:00 PST 2017
Wed Nov 29 00:32:01 PST 2017
Wed Nov 29 00:33:00 PST 2017
Wed Nov 29 00:34:00 PST 2017
Wed Nov 29 00:35:00 PST 2017
Wed Nov 29 00:36:00 PST 2017
Wed Nov 29 00:37:00 PST 2017
Wed Nov 29 00:38:00 PST 2017
Wed Nov 29 00:39:00 PST 2017
Wed Nov 29 00:40:00 PST 2017
Wed Nov 29 00:41:01 PST 2017
Wed Nov 29 00:42:00 PST 2017
Wed Nov 29 00:43:00 PST 2017
Wed Nov 29 00:44:00 PST 2017
Wed Nov 29 00:45:00 PST 2017
Wed Nov 29 00:46:00 PST 2017
Wed Nov 29 00:47:00 PST 2017
Wed Nov 29 00:48:00 PST 2017
Wed Nov 29 00:49:00 PST 2017
Wed Nov 29 00:50:00 PST 2017
Wed Nov 29 00:51:00 PST 2017
Wed Nov 29 00:52:01 PST 2017
Wed Nov 29 00:53:00 PST 2017
Wed Nov 29 00:54:00 PST 2017
Wed Nov 29 00:55:00 PST 2017
Wed Nov 29 00:56:00 PST 2017
Wed Nov 29 00:57:00 PST 2017
Wed Nov 29 00:58:00 PST 2017
Wed Nov 29 00:59:00 PST 2017
